<?xml version="1.0" encoding="UTF-8"?>
<testsuite name="trivia.UserTest" time="0.939" tests="3" errors="1" skipped="0" failures="0">
  <properties>
[...]
</properties>
  <testcase name="validatePresenceOfUsernames" classname="trivia.UserTest" time="0.798"/>
  <testcase name="validateUniquenessOfUsernames" classname="trivia.UserTest" time="0.119">
    <error message="com.mysql.jdbc.exceptions.jdbc4.MySQLIntegrityConstraintViolationException: Duplicate entry &apos;Cristian&apos; for key &apos;username&apos;, query: INSERT INTO users (created_at, password, updated_at, username) VALUES (?, ?, ?, ?), params: 2017-05-26 19:52:16.038, 1234, 2017-05-26 19:52:16.038, Cristian" type="org.javalite.activejdbc.DBException">org.javalite.activejdbc.DBException: com.mysql.jdbc.exceptions.jdbc4.MySQLIntegrityConstraintViolationException: Duplicate entry 'Cristian' for key 'username', query: INSERT INTO users (created_at, password, updated_at, username) VALUES (?, ?, ?, ?), params: 2017-05-26 19:52:16.038, 1234, 2017-05-26 19:52:16.038, Cristian
	at sun.reflect.NativeConstructorAccessorImpl.newInstance0(Native Method)
	at sun.reflect.NativeConstructorAccessorImpl.newInstance(NativeConstructorAccessorImpl.java:62)
	at sun.reflect.DelegatingConstructorAccessorImpl.newInstance(DelegatingConstructorAccessorImpl.java:45)
	at java.lang.reflect.Constructor.newInstance(Constructor.java:423)
	at com.mysql.jdbc.Util.handleNewInstance(Util.java:406)
	at com.mysql.jdbc.Util.getInstance(Util.java:381)
	at com.mysql.jdbc.SQLError.createSQLException(SQLError.java:1015)
	at com.mysql.jdbc.SQLError.createSQLException(SQLError.java:956)
	at com.mysql.jdbc.MysqlIO.checkErrorPacket(MysqlIO.java:3491)
	at com.mysql.jdbc.MysqlIO.checkErrorPacket(MysqlIO.java:3423)
	at com.mysql.jdbc.MysqlIO.sendCommand(MysqlIO.java:1936)
	at com.mysql.jdbc.MysqlIO.sqlQueryDirect(MysqlIO.java:2060)
	at com.mysql.jdbc.ConnectionImpl.execSQL(ConnectionImpl.java:2542)
	at com.mysql.jdbc.PreparedStatement.executeInternal(PreparedStatement.java:1734)
	at com.mysql.jdbc.PreparedStatement.executeUpdate(PreparedStatement.java:2019)
	at com.mysql.jdbc.PreparedStatement.executeUpdate(PreparedStatement.java:1937)
	at com.mysql.jdbc.PreparedStatement.executeUpdate(PreparedStatement.java:1922)
	at org.javalite.activejdbc.DB.execInsert(DB.java:655)
	at org.javalite.activejdbc.Model.insert(Model.java:2714)
	at org.javalite.activejdbc.Model.save(Model.java:2649)
	at org.javalite.activejdbc.Model.saveIt(Model.java:2574)
	at trivia.UserTest.validateUniquenessOfUsernames(UserTest.java:45)
</error>
  </testcase>
  <testcase name="validatePassword" classname="trivia.UserTest" time="0.022"/>
</testsuite>